0 info it worked if it ends with ok
1 verbose cli [ 'D:\\node\\node.exe',
1 verbose cli   'D:\\node\\node_modules\\npm\\bin\\npm-cli.js',
1 verbose cli   'start' ]
2 info using npm@3.8.9
3 info using node@v6.2.0
4 verbose run-script [ 'prestart', 'start', 'poststart' ]
5 info lifecycle my-dva@1.0.0~prestart: my-dva@1.0.0
6 verbose lifecycle my-dva@1.0.0~prestart: unsafe-perm in lifecycle true
7 verbose lifecycle my-dva@1.0.0~prestart: PATH: D:\node\node_modules\npm\bin\node-gyp-bin;F:\dva\my-dva\node_modules\.bin;D:\node;C:\Users\Administrator\bin;D:\GitHub\Git\mingw32\bin;D:\GitHub\Git\usr\local\bin;D:\GitHub\Git\usr\bin;D:\GitHub\Git\usr\bin;D:\GitHub\Git\mingw32\bin;D:\GitHub\Git\usr\bin;C:\Users\Administrator\bin;C:\ProgramData\Oracle\Java\javapath;C:\Windows\system32;C:\Windows;C:\Windows\System32\Wbem;C:\Windows\System32\WindowsPowerShell\v1.0;D:\GitHub\Git\cmd;D:\GitHub\Git\mingw32\bin;D:\GitHub\Git\usr\bin;D:\node;C:\Program Files\Java\jdk1.8.0_91\bin;C:\Program Files\Java\jdk1.8.0_91\jre\bin;C:\Users\Administrator\AppData\Roaming\npm;D:\node\node_modules;D:\GitHub\Git\usr\bin\vendor_perl;D:\GitHub\Git\usr\bin\core_perl
8 verbose lifecycle my-dva@1.0.0~prestart: CWD: F:\dva\my-dva
9 silly lifecycle my-dva@1.0.0~prestart: Args: [ '/d /s /c', 'npm run build:dll' ]
10 silly lifecycle my-dva@1.0.0~prestart: Returned: code: 1  signal: null
11 info lifecycle my-dva@1.0.0~prestart: Failed to exec prestart script
12 verbose stack Error: my-dva@1.0.0 prestart: `npm run build:dll`
12 verbose stack Exit status 1
12 verbose stack     at EventEmitter.<anonymous> (D:\node\node_modules\npm\lib\utils\lifecycle.js:245:16)
12 verbose stack     at emitTwo (events.js:106:13)
12 verbose stack     at EventEmitter.emit (events.js:191:7)
12 verbose stack     at ChildProcess.<anonymous> (D:\node\node_modules\npm\lib\utils\spawn.js:24:14)
12 verbose stack     at emitTwo (events.js:106:13)
12 verbose stack     at ChildProcess.emit (events.js:191:7)
12 verbose stack     at maybeClose (internal/child_process.js:850:16)
12 verbose stack     at Process.ChildProcess._handle.onexit (internal/child_process.js:215:5)
13 verbose pkgid my-dva@1.0.0
14 verbose cwd F:\dva\my-dva
15 error Windows_NT 6.1.7601
16 error argv "D:\\node\\node.exe" "D:\\node\\node_modules\\npm\\bin\\npm-cli.js" "start"
17 error node v6.2.0
18 error npm  v3.8.9
19 error code ELIFECYCLE
20 error my-dva@1.0.0 prestart: `npm run build:dll`
20 error Exit status 1
21 error Failed at the my-dva@1.0.0 prestart script 'npm run build:dll'.
21 error Make sure you have the latest version of node.js and npm installed.
21 error If you do, this is most likely a problem with the my-dva package,
21 error not with npm itself.
21 error Tell the author that this fails on your system:
21 error     npm run build:dll
21 error You can get information on how to open an issue for this project with:
21 error     npm bugs my-dva
21 error Or if that isn't available, you can get their info via:
21 error     npm owner ls my-dva
21 error There is likely additional logging output above.
22 verbose exit [ 1, true ]
